<?xml version="1.0" encoding="UTF-8"?>
<!-- Generated by org.testng.reporters.JUnitReportReporter -->
<testsuite skipped="2" hostname="iblwdvamitku" name="TestProject.OnlineProject.Cart" tests="3" failures="0" timestamp="12 Nov 2018 08:11:32 GMT" time="45.834" errors="0">
  <testcase name="finalcheckout" time="45.834" classname="TestProject.OnlineProject.Cart"/>
  <testcase name="loginval" classname="TestProject.OnlineProject.Cart">
    <skipped/>
  </testcase> <!-- loginval -->
  <testcase name="selectItem" classname="TestProject.OnlineProject.Cart">
    <skipped/>
  </testcase> <!-- selectItem -->
</testsuite> <!-- TestProject.OnlineProject.Cart -->
