<?xml version="1.0" encoding="UTF-8"?>
<!-- Generated by org.testng.reporters.JUnitReportReporter -->
<testsuite skipped="0" hostname="iblwdvamitku" name="TestProject.OnlineProject.AppTest" tests="1" failures="0" timestamp="12 Nov 2018 10:34:13 GMT" time="0.005" errors="0">
  <testcase name="testApp" time="0.005" classname="TestProject.OnlineProject.AppTest"/>
</testsuite> <!-- TestProject.OnlineProject.AppTest -->
